0 verbose cli /opt/conda/bin/node /opt/conda/bin/npm
1 info using npm@10.1.0
2 info using node@v20.9.0
3 timing npm:load:whichnode Completed in 13ms
4 timing config:load:defaults Completed in 18ms
5 timing config:load:file:/opt/conda/lib/node_modules/npm/npmrc Completed in 30ms
6 timing config:load:builtin Completed in 36ms
7 timing config:load:cli Completed in 63ms
8 timing config:load:env Completed in 2ms
9 timing config:load:project Completed in 11ms
10 timing config:load:file:/home/jovyan/.npmrc Completed in 2ms
11 timing config:load:user Completed in 4ms
12 timing config:load:file:/opt/conda/etc/npmrc Completed in 3ms
13 timing config:load:global Completed in 6ms
14 timing config:load:setEnvs Completed in 8ms
15 timing config:load Completed in 156ms
16 timing npm:load:configload Completed in 156ms
17 timing config:load:flatten Completed in 19ms
18 timing npm:load:mkdirpcache Completed in 7ms
19 timing npm:load:mkdirplogs Completed in 6ms
20 verbose title npm prefix
21 verbose argv "prefix" "--global"
22 timing npm:load:setTitle Completed in 6ms
23 timing npm:load:display Completed in 7ms
24 verbose logfile logs-max:10 dir:/home/jovyan/.npm/_logs/2024-12-08T17_58_43_075Z-
25 verbose logfile /home/jovyan/.npm/_logs/2024-12-08T17_58_43_075Z-debug-0.log
26 timing npm:load:logFile Completed in 151ms
27 timing npm:load:timers Completed in 1ms
28 timing npm:load:configScope Completed in 0ms
29 timing npm:load Completed in 532ms
30 timing command:prefix Completed in 17ms
31 verbose exit 0
32 timing npm Completed in 931ms
33 info ok
