2024-12-08 18:22:07.311 [info] [main] Log level: Info
2024-12-08 18:22:07.313 [info] [main] Validating found git in: "git"
2024-12-08 18:22:07.317 [info] [main] Using git "2.34.1" from "git"
2024-12-08 18:22:07.319 [info] [Model][doInitialScan] Initial repository scan started
2024-12-08 18:22:07.320 [info] > git rev-parse --show-toplevel [249ms]
2024-12-08 18:22:07.354 [info] > git rev-parse --git-dir --git-common-dir [115ms]
2024-12-08 18:22:07.445 [info] [Model][openRepository] Opened repository: /home/jovyan
2024-12-08 18:22:07.787 [info] > git config --get commit.template [291ms]
2024-12-08 18:22:08.034 [info] > git for-each-ref --format=%(refname)%00%(upstream:short)%00%(objectname)%00%(upstream:track)%00%(upstream:remotename)%00%(upstream:remoteref) refs/heads/main refs/remotes/main [224ms]
2024-12-08 18:22:08.194 [info] > git check-ignore -v -z --stdin [88ms]
2024-12-08 18:22:08.239 [info] > git rev-parse --show-toplevel [155ms]
2024-12-08 18:22:08.312 [info] > git for-each-ref --sort -committerdate --format %(refname) %(objectname) %(*objectname) [132ms]
2024-12-08 18:22:08.348 [info] > git rev-parse --show-toplevel [68ms]
2024-12-08 18:22:08.458 [info] > git rev-parse --show-toplevel [79ms]
2024-12-08 18:22:08.570 [info] > git rev-parse --show-toplevel [61ms]
2024-12-08 18:22:08.675 [info] > git rev-parse --show-toplevel [79ms]
2024-12-08 18:22:08.839 [info] > git rev-parse --show-toplevel [137ms]
2024-12-08 18:22:08.978 [info] > git rev-parse --show-toplevel [97ms]
2024-12-08 18:22:09.070 [info] > git rev-parse --show-toplevel [58ms]
2024-12-08 18:22:09.200 [info] > git rev-parse --show-toplevel [87ms]
2024-12-08 18:22:09.310 [info] > git rev-parse --show-toplevel [74ms]
2024-12-08 18:22:09.422 [info] > git rev-parse --show-toplevel [61ms]
2024-12-08 18:22:09.547 [info] > git rev-parse --show-toplevel [73ms]
2024-12-08 18:22:09.593 [info] [Model][doInitialScan] Initial repository scan completed - repositories (1), closed repositories (0), parent repositories (0), unsafe repositories (0)
2024-12-08 18:22:10.903 [info] > git status -z -uall [2754ms]
2024-12-08 18:22:12.595 [info] > git for-each-ref --format=%(refname)%00%(upstream:short)%00%(objectname)%00%(upstream:track)%00%(upstream:remotename)%00%(upstream:remoteref) refs/heads/main refs/remotes/main [1443ms]
2024-12-08 18:22:12.717 [info] > git config --local branch.main.vscode-merge-base [89ms]
2024-12-08 18:22:12.723 [warning] [Git][config] git config failed: Failed to execute git
2024-12-08 18:22:12.763 [info] > git config --get commit.template [180ms]
2024-12-08 18:22:14.301 [info] > git for-each-ref --format=%(refname)%00%(upstream:short)%00%(objectname)%00%(upstream:track)%00%(upstream:remotename)%00%(upstream:remoteref) refs/heads/main refs/remotes/main [1482ms]
2024-12-08 18:22:14.306 [info] > git reflog main --grep-reflog=branch: Created from *. [1546ms]
2024-12-08 18:22:14.420 [info] > git symbolic-ref --short refs/remotes/origin/HEAD [93ms]
2024-12-08 18:22:14.426 [info] fatal: ref refs/remotes/origin/HEAD is not a symbolic ref
2024-12-08 18:22:14.428 [warning] [Repository][getDefaultBranch] Failed to get default branch details: Failed to execute git.
2024-12-08 18:22:15.726 [info] > git merge-base refs/heads/main refs/remotes/origin/main [1272ms]
2024-12-08 18:22:16.051 [info] > git for-each-ref --sort -committerdate --format %(refname) %(objectname) %(*objectname) [1536ms]
2024-12-08 18:22:16.097 [info] > git diff --name-status -z --diff-filter=ADMR aaaaabd2ce134184066955c74586c2c3918f40b1...refs/remotes/origin/main [336ms]
2024-12-08 18:22:17.006 [info] > git status -z -uall [2517ms]
2024-12-08 18:22:23.145 [info] > git config --get commit.template [47ms]
2024-12-08 18:22:23.226 [info] > git for-each-ref --format=%(refname)%00%(upstream:short)%00%(objectname)%00%(upstream:track)%00%(upstream:remotename)%00%(upstream:remoteref) refs/heads/main refs/remotes/main [107ms]
2024-12-08 18:22:23.365 [info] > git for-each-ref --sort -committerdate --format %(refname) %(objectname) %(*objectname) [87ms]
2024-12-08 18:22:25.464 [info] > git status -z -uall [2211ms]
2024-12-08 18:22:29.984 [info] > git check-ignore -v -z --stdin [61ms]
2024-12-08 18:22:30.668 [info] > git config --get commit.template [45ms]
2024-12-08 18:22:30.755 [info] > git for-each-ref --format=%(refname)%00%(upstream:short)%00%(objectname)%00%(upstream:track)%00%(upstream:remotename)%00%(upstream:remoteref) refs/heads/main refs/remotes/main [116ms]
2024-12-08 18:22:30.897 [info] > git for-each-ref --sort -committerdate --format %(refname) %(objectname) %(*objectname) [93ms]
2024-12-08 18:22:31.313 [info] > git show --textconv :reports/qmd_example.qmd [155ms]
2024-12-08 18:22:31.351 [info] > git ls-files --stage -- /home/jovyan/reports/qmd_example.qmd [142ms]
2024-12-08 18:22:31.522 [info] > git cat-file -s d9336a09c728ef633cb59bd88acd240aa3c9512a [120ms]
2024-12-08 18:22:33.239 [info] > git status -z -uall [2455ms]
2024-12-08 18:22:38.552 [info] > git config --get commit.template [49ms]
2024-12-08 18:22:38.670 [info] > git for-each-ref --format=%(refname)%00%(upstream:short)%00%(objectname)%00%(upstream:track)%00%(upstream:remotename)%00%(upstream:remoteref) refs/heads/main refs/remotes/main [138ms]
2024-12-08 18:22:38.871 [info] > git for-each-ref --sort -committerdate --format %(refname) %(objectname) %(*objectname) [138ms]
2024-12-08 18:22:41.113 [info] > git status -z -uall [2408ms]
2024-12-08 18:22:46.302 [info] > git config --get commit.template [44ms]
2024-12-08 18:22:46.398 [info] > git for-each-ref --format=%(refname)%00%(upstream:short)%00%(objectname)%00%(upstream:track)%00%(upstream:remotename)%00%(upstream:remoteref) refs/heads/main refs/remotes/main [117ms]
2024-12-08 18:22:46.558 [info] > git for-each-ref --sort -committerdate --format %(refname) %(objectname) %(*objectname) [107ms]
2024-12-08 18:22:48.913 [info] > git status -z -uall [2493ms]
2024-12-08 18:22:54.122 [info] > git config --get commit.template [44ms]
2024-12-08 18:22:54.209 [info] > git for-each-ref --format=%(refname)%00%(upstream:short)%00%(objectname)%00%(upstream:track)%00%(upstream:remotename)%00%(upstream:remoteref) refs/heads/main refs/remotes/main [102ms]
2024-12-08 18:22:54.347 [info] > git for-each-ref --sort -committerdate --format %(refname) %(objectname) %(*objectname) [87ms]
2024-12-08 18:22:56.225 [info] > git status -z -uall [1990ms]
2024-12-08 18:23:01.440 [info] > git config --get commit.template [45ms]
2024-12-08 18:23:01.496 [info] > git for-each-ref --format=%(refname)%00%(upstream:short)%00%(objectname)%00%(upstream:track)%00%(upstream:remotename)%00%(upstream:remoteref) refs/heads/main refs/remotes/main [135ms]
2024-12-08 18:23:01.633 [info] > git for-each-ref --sort -committerdate --format %(refname) %(objectname) %(*objectname) [82ms]
2024-12-08 18:23:03.588 [info] > git status -z -uall [2064ms]
2024-12-08 18:23:08.792 [info] > git config --get commit.template [53ms]
2024-12-08 18:23:08.880 [info] > git for-each-ref --format=%(refname)%00%(upstream:short)%00%(objectname)%00%(upstream:track)%00%(upstream:remotename)%00%(upstream:remoteref) refs/heads/main refs/remotes/main [113ms]
2024-12-08 18:23:09.030 [info] > git for-each-ref --sort -committerdate --format %(refname) %(objectname) %(*objectname) [94ms]
2024-12-08 18:23:11.383 [info] > git status -z -uall [2474ms]
2024-12-08 18:23:16.589 [info] > git config --get commit.template [55ms]
2024-12-08 18:23:16.694 [info] > git for-each-ref --format=%(refname)%00%(upstream:short)%00%(objectname)%00%(upstream:track)%00%(upstream:remotename)%00%(upstream:remoteref) refs/heads/main refs/remotes/main [129ms]
2024-12-08 18:23:16.862 [info] > git for-each-ref --sort -committerdate --format %(refname) %(objectname) %(*objectname) [104ms]
2024-12-08 18:23:19.081 [info] > git status -z -uall [2354ms]
2024-12-08 18:23:24.300 [info] > git config --get commit.template [45ms]
2024-12-08 18:23:24.398 [info] > git for-each-ref --format=%(refname)%00%(upstream:short)%00%(objectname)%00%(upstream:track)%00%(upstream:remotename)%00%(upstream:remoteref) refs/heads/main refs/remotes/main [121ms]
2024-12-08 18:23:24.542 [info] > git for-each-ref --sort -committerdate --format %(refname) %(objectname) %(*objectname) [89ms]
2024-12-08 18:23:26.452 [info] > git status -z -uall [2025ms]
2024-12-08 18:23:31.641 [info] > git config --get commit.template [44ms]
2024-12-08 18:23:31.744 [info] > git for-each-ref --format=%(refname)%00%(upstream:short)%00%(objectname)%00%(upstream:track)%00%(upstream:remotename)%00%(upstream:remoteref) refs/heads/main refs/remotes/main [125ms]
2024-12-08 18:23:31.877 [info] > git for-each-ref --sort -committerdate --format %(refname) %(objectname) %(*objectname) [80ms]
2024-12-08 18:23:33.911 [info] > git status -z -uall [2139ms]
2024-12-08 18:23:39.096 [info] > git config --get commit.template [47ms]
2024-12-08 18:23:39.220 [info] > git for-each-ref --format=%(refname)%00%(upstream:short)%00%(objectname)%00%(upstream:track)%00%(upstream:remotename)%00%(upstream:remoteref) refs/heads/main refs/remotes/main [140ms]
2024-12-08 18:23:39.403 [info] > git for-each-ref --sort -committerdate --format %(refname) %(objectname) %(*objectname) [108ms]
2024-12-08 18:23:41.512 [info] > git status -z -uall [2257ms]
2024-12-08 18:23:46.702 [info] > git config --get commit.template [50ms]
2024-12-08 18:23:46.806 [info] > git for-each-ref --format=%(refname)%00%(upstream:short)%00%(objectname)%00%(upstream:track)%00%(upstream:remotename)%00%(upstream:remoteref) refs/heads/main refs/remotes/main [124ms]
2024-12-08 18:23:46.967 [info] > git for-each-ref --sort -committerdate --format %(refname) %(objectname) %(*objectname) [95ms]
2024-12-08 18:23:49.196 [info] > git status -z -uall [2356ms]
2024-12-08 18:23:54.389 [info] > git config --get commit.template [54ms]
2024-12-08 18:23:54.489 [info] > git for-each-ref --format=%(refname)%00%(upstream:short)%00%(objectname)%00%(upstream:track)%00%(upstream:remotename)%00%(upstream:remoteref) refs/heads/main refs/remotes/main [119ms]
2024-12-08 18:23:54.661 [info] > git for-each-ref --sort -committerdate --format %(refname) %(objectname) %(*objectname) [106ms]
2024-12-08 18:23:56.892 [info] > git status -z -uall [2372ms]
2024-12-08 18:24:02.089 [info] > git config --get commit.template [50ms]
2024-12-08 18:24:02.181 [info] > git for-each-ref --format=%(refname)%00%(upstream:short)%00%(objectname)%00%(upstream:track)%00%(upstream:remotename)%00%(upstream:remoteref) refs/heads/main refs/remotes/main [112ms]
2024-12-08 18:24:02.346 [info] > git for-each-ref --sort -committerdate --format %(refname) %(objectname) %(*objectname) [101ms]
2024-12-08 18:24:04.391 [info] > git status -z -uall [2177ms]
2024-12-08 18:24:28.962 [info] > git config --get commit.template [55ms]
2024-12-08 18:24:29.122 [info] > git for-each-ref --format=%(refname)%00%(upstream:short)%00%(objectname)%00%(upstream:track)%00%(upstream:remotename)%00%(upstream:remoteref) refs/heads/main refs/remotes/main [182ms]
2024-12-08 18:24:29.361 [info] > git for-each-ref --sort -committerdate --format %(refname) %(objectname) %(*objectname) [111ms]
2024-12-08 18:24:31.419 [info] > git status -z -uall [2216ms]
2024-12-08 18:24:36.615 [info] > git config --get commit.template [41ms]
2024-12-08 18:24:36.705 [info] > git for-each-ref --format=%(refname)%00%(upstream:short)%00%(objectname)%00%(upstream:track)%00%(upstream:remotename)%00%(upstream:remoteref) refs/heads/main refs/remotes/main [109ms]
2024-12-08 18:24:36.863 [info] > git for-each-ref --sort -committerdate --format %(refname) %(objectname) %(*objectname) [103ms]
2024-12-08 18:24:38.841 [info] > git status -z -uall [2105ms]
2024-12-08 18:24:44.038 [info] > git config --get commit.template [48ms]
2024-12-08 18:24:44.142 [info] > git for-each-ref --format=%(refname)%00%(upstream:short)%00%(objectname)%00%(upstream:track)%00%(upstream:remotename)%00%(upstream:remoteref) refs/heads/main refs/remotes/main [117ms]
2024-12-08 18:24:44.289 [info] > git for-each-ref --sort -committerdate --format %(refname) %(objectname) %(*objectname) [85ms]
2024-12-08 18:24:44.853 [info] > git ls-files --stage -- /home/jovyan/conda-linux-64.lock [73ms]
2024-12-08 18:24:44.922 [info] > git show --textconv :conda-linux-64.lock [174ms]
2024-12-08 18:24:44.995 [info] > git cat-file -s 240583f324c107bf5f6cadb90662d66059da4990 [106ms]
2024-12-08 18:24:46.317 [info] > git show --textconv :environment.yml [141ms]
2024-12-08 18:24:46.341 [info] > git ls-files --stage -- /home/jovyan/environment.yml [111ms]
2024-12-08 18:24:46.469 [info] > git cat-file -s ce612f0e6955b260676dbab4fd7060036567df49 [99ms]
2024-12-08 18:24:46.725 [info] > git status -z -uall [2550ms]
2024-12-08 18:24:51.920 [info] > git config --get commit.template [40ms]
2024-12-08 18:24:52.010 [info] > git for-each-ref --format=%(refname)%00%(upstream:short)%00%(objectname)%00%(upstream:track)%00%(upstream:remotename)%00%(upstream:remoteref) refs/heads/main refs/remotes/main [106ms]
2024-12-08 18:24:52.158 [info] > git for-each-ref --sort -committerdate --format %(refname) %(objectname) %(*objectname) [92ms]
2024-12-08 18:24:54.306 [info] > git status -z -uall [2269ms]
2024-12-08 18:25:05.395 [info] > git config --get commit.template [57ms]
2024-12-08 18:25:05.489 [info] > git for-each-ref --format=%(refname)%00%(upstream:short)%00%(objectname)%00%(upstream:track)%00%(upstream:remotename)%00%(upstream:remoteref) refs/heads/main refs/remotes/main [120ms]
2024-12-08 18:25:05.650 [info] > git for-each-ref --sort -committerdate --format %(refname) %(objectname) %(*objectname) [101ms]
2024-12-08 18:25:07.672 [info] > git status -z -uall [2157ms]
2024-12-08 18:25:12.883 [info] > git config --get commit.template [47ms]
2024-12-08 18:25:12.965 [info] > git for-each-ref --format=%(refname)%00%(upstream:short)%00%(objectname)%00%(upstream:track)%00%(upstream:remotename)%00%(upstream:remoteref) refs/heads/main refs/remotes/main [96ms]
2024-12-08 18:25:13.128 [info] > git for-each-ref --sort -committerdate --format %(refname) %(objectname) %(*objectname) [115ms]
2024-12-08 18:25:14.870 [info] > git status -z -uall [1881ms]
2024-12-08 18:25:20.068 [info] > git config --get commit.template [49ms]
2024-12-08 18:25:20.167 [info] > git for-each-ref --format=%(refname)%00%(upstream:short)%00%(objectname)%00%(upstream:track)%00%(upstream:remotename)%00%(upstream:remoteref) refs/heads/main refs/remotes/main [119ms]
2024-12-08 18:25:20.305 [info] > git for-each-ref --sort -committerdate --format %(refname) %(objectname) %(*objectname) [90ms]
2024-12-08 18:25:22.072 [info] > git status -z -uall [1881ms]
2024-12-08 18:25:27.294 [info] > git config --get commit.template [50ms]
2024-12-08 18:25:27.410 [info] > git for-each-ref --format=%(refname)%00%(upstream:short)%00%(objectname)%00%(upstream:track)%00%(upstream:remotename)%00%(upstream:remoteref) refs/heads/main refs/remotes/main [129ms]
2024-12-08 18:25:27.573 [info] > git for-each-ref --sort -committerdate --format %(refname) %(objectname) %(*objectname) [103ms]
2024-12-08 18:25:29.535 [info] > git status -z -uall [2093ms]
2024-12-08 18:25:34.762 [info] > git config --get commit.template [45ms]
2024-12-08 18:25:34.854 [info] > git for-each-ref --format=%(refname)%00%(upstream:short)%00%(objectname)%00%(upstream:track)%00%(upstream:remotename)%00%(upstream:remoteref) refs/heads/main refs/remotes/main [111ms]
2024-12-08 18:25:34.983 [info] > git for-each-ref --sort -committerdate --format %(refname) %(objectname) %(*objectname) [77ms]
2024-12-08 18:25:36.823 [info] > git status -z -uall [1940ms]
2024-12-08 18:28:17.169 [info] > git config --get commit.template [66ms]
2024-12-08 18:28:17.296 [info] > git for-each-ref --format=%(refname)%00%(upstream:short)%00%(objectname)%00%(upstream:track)%00%(upstream:remotename)%00%(upstream:remoteref) refs/heads/main refs/remotes/main [155ms]
2024-12-08 18:28:17.543 [info] > git for-each-ref --sort -committerdate --format %(refname) %(objectname) %(*objectname) [147ms]
2024-12-08 18:28:20.742 [info] > git status -z -uall [3405ms]
